         w __deregister_frame_info
         w __register_frame_info
         w userAppExit
         w userAppInit
00000000 00000802 B __ctru_dev_utf16_buf
00000000 a shift
00000000 a shift
00000000 A __sync_synchronize
00000000 b _TLS_MODULE_BASE_
00000804 00000401 B __ctru_dev_path_buf
00100000 A __start__
00100000 T _start
00100008 T __service_ptr
0010000c T __apt_appid
00100010 T __heap_size
00100014 T __linear_heap_size
00100018 T __system_arglist
0010001c T __system_runflags
00100020 t startup
00100058 t ClearMem
0010006c t ClrLoop
00100094 T _init
001000ac T __aeabi_idiv
001000ac 00000220 T __divsi3
001000b4 t .divsi3_skip_div0_test
001002cc 00000020 T __aeabi_idivmod
001002ec 00000004 W __aeabi_idiv0
001002ec 00000004 W __aeabi_ldiv0
001002f0 T __aeabi_uldivmod
00100348 00000390 T strcmp
001006d0 T __aeabi_uidiv
001006d0 000001ec T __udivsi3
001006d0 t .udivsi3_skip_div0_test
001008bc 00000020 T __aeabi_uidivmod
001008dc t __do_global_dtors_aux
0010091c t frame_dummy
00100948 00000364 T main
00100cac 0000045c t consoleHandleColorEsc
00101108 000000b8 t consoleColorStateShift
001011c0 000001ac T consoleDrawChar
0010136c 0000011c T consolePrintChar
00101488 000005ec T con_write
00101a74 00000124 t newRow
00101b98 0000018c T consoleInit
00101d24 000000d0 t gfxPresentFramebuffer
00101df4 0000001c T gfxIsWide
00101e10 000000ec T gfxSetScreenFormat
00101efc 00000010 T gfxSetDoubleBuffering
00101f0c 000000d8 T gfxInit
00101fe4 00000010 T gfxInitDefault
00101ff4 000000b4 T gfxExit
001020a8 000000a0 T gfxGetFramebuffer
00102148 00000100 T gfxFlushBuffers
00102248 00000050 T gfxSwapBuffers
00102298 00000050 T gfxSwapBuffersGpu
001022e8 000001b0 t aptConvertScreenForCapture
00102498 00000008 W aptDspSleep
001024a0 00000004 W aptDspWakeup
001024a4 00000004 W aptDspCancel
001024a8 00000158 T aptSendCommand
00102600 00000044 t aptExitProcess
00102644 00000380 T aptExit
001029c4 000000d8 T aptHandleSleep
00102a9c 00000084 T APT_SleepIfShellClosed
00102b20 00000078 T aptSetSleepAllowed
00102b98 00000084 T APT_UnlockTransition
00102c20 00000478 t aptEventHandler
00103098 000000b0 T APT_ReceiveParameter
00103148 000000ac t aptReceiveParameter.constprop.0
001031f8 00000294 t aptScreenTransfer
0010348c 000002c8 t aptWaitForWakeUp.isra.0
00103754 000000f4 T aptJumpToHomeMenu
00103848 00000048 T aptMainLoop
00103890 0000022c T aptInit
00103abc 0000007c T APT_CheckNew3DS
00103b38 00000c70 t gspHardwareInit
001047a8 00000248 T gspInit
001049f0 000000e4 T gspExit
00104ad4 00000010 T gspHasGpuRight
00104ae4 000000a0 T gspPresentBuffer
00104b84 00000044 T gspWaitForEvent
00104bc8 00000004 W gxCmdQueueInterrupt
00104bcc 00000160 t gspEventThreadMain
00104d2c 00000050 T GSPGPU_FlushDataCache
00104d7c 00000034 T GSPGPU_SetLcdForceBlack
00104db0 00000068 T GSPGPU_AcquireRight
00104e18 00000048 T GSPGPU_ReleaseRight
00104e60 0000007c T GSPGPU_ImportDisplayCaptureInfo
00104edc 0000002c T GSPGPU_SaveVramSysArea
00104f08 0000002c T GSPGPU_RestoreVramSysArea
00104f34 00000038 W __libctru_init
00104f6c 00000160 W __system_initArgv
001050cc 00000030 T __syscall_getreent
001050fc 00000004 T __syscall_lock_acquire
00105100 00000004 T __syscall_lock_release
00105104 00000004 T __syscall_lock_acquire_recursive
00105108 00000004 T __syscall_lock_release_recursive
0010510c 00000004 T __syscall_exit
00105110 00000050 T initThreadVars
00105160 00000080 T __system_initSyscalls
001051e0 T svcControlMemory
00105200 T svcQueryMemory
00105230 T svcExitProcess
00105238 T svcCreateThread
00105258 T svcExitThread
00105260 T svcSleepThread
00105268 T svcReleaseMutex
00105270 T svcCreateEvent
00105284 T svcSignalEvent
0010528c T svcClearEvent
00105294 T svcMapMemoryBlock
0010529c T svcUnmapMemoryBlock
001052a4 T svcCreateAddressArbiter
001052b8 T svcArbitrateAddressNoTimeout
001052c0 T svcCloseHandle
001052c8 T svcWaitSynchronization
001052d0 T svcWaitSynchronizationN
001052f8 T svcDuplicateHandle
0010530c T svcConnectToPort
00105320 T svcSendSyncRequest
00105328 T svcGetResourceLimit
0010533c T svcGetResourceLimitLimitValues
00105344 T svcGetResourceLimitCurrentValues
0010534c T svcBreak
00105354 W initSystem
001053a4 W __ctru_exit
001053b8 00000024 t addrMapNodeComparator(rbtree_node const*, rbtree_node const*)
001053dc 00000004 t addrMapNodeDestructor(rbtree_node*)
001053e0 00000120 T linearMemAlign
00105500 00000008 T linearAlloc
00105508 0000005c T linearFree
00105564 00000084 T MemPool::CoalesceRight(MemBlock*)
001055e8 00000150 T MemPool::Allocate(MemChunk&, unsigned long, int)
00105738 000000fc T MemPool::Deallocate(MemChunk const&)
00105834 00000030 T MemPool::GetFreeSpace()
00105864 00000024 t addrMapNodeComparator(rbtree_node const*, rbtree_node const*)
00105888 00000004 t addrMapNodeDestructor(rbtree_node*)
0010588c 00000244 T vramMemAlignAt
00105ad0 0000000c T vramAlloc
00105adc 00000090 T vramFree
00105b6c 00000034 T __ctru_speedup_config
00105ba0 0000012c T srvInit
00105ccc 00000058 T srvExit
00105d24 00000060 T srvEnableNotification
00105d84 000000a0 T srvGetServiceHandleDirect
00105e24 00000038 T srvGetServiceHandle
00105e5c 00000034 T srvSubscribe
00105e90 00000060 T srvReceiveNotification
00105ef0 00000038 T srvPublishToSubscriber
00105f28 0000000c T __sync_init
00105f34 00000018 T __sync_fini
00105f4c 0000002c T syncArbitrateAddress
00105f78 000000b0 T LightLock_Lock
00106028 00000040 T LightLock_Unlock
00106068 00000030 T RecursiveLock_Lock
00106098 00000054 T RecursiveLock_Unlock
001060ec 00000040 T LightEvent_Init
0010612c 000000a4 T LightEvent_Clear
001061d0 000000c8 T LightEvent_Signal
00106298 00000050 T LightEvent_TryWait
001062e8 000000a0 T LightEvent_Wait
00106388 000001d4 T threadCreate
0010655c 0000002c T threadFree
00106588 00000024 T threadJoin
001065ac 00000030 T threadGetCurrent
001065dc 00000040 T threadExit
0010661c 00000020 t _thread_begin
0010663c 00000090 t mappableFindAddressWithin
001066cc 00000028 T mappableInit
001066f4 00000080 T mappableAlloc
00106774 00000004 T mappableFree
00106778 00000074 T ptmSysmInit
001067ec 0000003c T ptmSysmExit
00106828 00000034 T PTMSYSM_ConfigureNew3DSCPU
0010685c 0000000c T srvPmGetSessionHandle
00106868 00000074 T rbtree_find
001068dc 00000010 T rbtree_init
001068ec 0000019c t do_insert
00106a88 00000008 T rbtree_insert
00106a90 00000310 T rbtree_remove
00106da0 00000090 T rbtree_rotate
00106e30 000001e0 W __system_allocateHeaps
00107010 00000030 W __appExit
00107040 00000030 W __appInit
00107070 00000090 W __libctru_exit
00107100 00000014 t archive_link
00107114 00000014 t archive_dirreset
00107128 00000014 t archive_chmod
0010713c 00000024 t error_cmp
00107160 00000050 t archive_translate_error
001071b0 000000c4 t archive_seek
00107274 00000078 t _archiveInit.part.0
001072ec 000000c4 t archiveFindDevice.part.0
001073b0 00000290 t archive_utf16path
00107640 0000009c t _archiveUnmountDeviceStruct.part.0
001076dc 00000014 t archive_statvfs
001076f0 00000014 t archive_fchmod
00107704 00000168 t _archiveMountDevice
0010786c 000000e8 t archive_diropen
00107954 000000a4 t archive_fstat
001079f8 0000006c t archive_fsync
00107a64 0000006c t archive_close
00107ad0 00000070 t archive_dirclose
00107b40 000000e4 t sdmc_statvfs
00107c24 000000ec t archive_chdir
00107d10 0000007c t archive_ftruncate
00107d8c 000000ac t archive_read
00107e38 000000a4 t archive_unlink
00107edc 000000bc t archive_rmdir
00107f98 000000dc t archive_mkdir
00108074 00000194 t archive_stat
00108208 0000015c t archive_dirnext
00108364 00000124 t archive_write
00108488 00000210 t archive_open
00108698 00000268 t archive_rename
00108900 0000019c T archiveMountSdmc
00108a9c 00000054 T archiveUnmountAll
00108af0 00000084 W envGetHandle
00108b74 00000050 W envDestroyHandles
00108bc4 000000d0 T fsInit
00108c94 0000003c T fsExit
00108cd0 00000060 T fsExemptFromSession
00108d30 00000050 T fsUnexemptFromSession
00108d80 000000cc T FSUSER_OpenFile
00108e4c 000000bc T FSUSER_DeleteFile
00108f08 000000f8 T FSUSER_RenameFile
00109000 000000bc T FSUSER_DeleteDirectory
001090bc 000000d4 T FSUSER_CreateFile
00109190 000000c4 T FSUSER_CreateDirectory
00109254 000000f8 T FSUSER_RenameDirectory
0010934c 000000b4 T FSUSER_OpenDirectory
00109400 00000094 T FSUSER_OpenArchive
00109494 0000008c T FSUSER_CloseArchive
00109520 00000074 T FSUSER_GetSdmcArchiveResource
00109594 00000064 T FSUSER_IsSdmcWritable
001095f8 00000058 T FSFILE_Read
00109650 00000060 T FSFILE_Write
001096b0 00000038 T FSFILE_GetSize
001096e8 00000028 T FSFILE_SetSize
00109710 0000003c T FSFILE_Close
0010974c 00000024 T FSFILE_Flush
00109770 00000050 T FSDIR_Read
001097c0 0000003c T FSDIR_Close
001097fc 00000024 W hidShouldUseIrrst
00109820 0000018c T hidInit
001099ac 000000e8 T hidExit
00109a94 00000160 T irrstInit
00109bf4 000000cc T irrstExit
00109cc0 0000005c T rbtree_node_next
00109d1c 0000013c T decode_utf8
00109e58 000000e8 T utf16_to_utf8
00109f40 000000c0 T utf8_to_utf16
0010a000 T __aeabi_read_tp
0010a00c 00000064 T decode_utf16
0010a070 00000054 T encode_utf16
0010a0c4 000000e0 T encode_utf8
0010a1a8 000000b0 T sin
0010a258 00000310 T __ieee754_rem_pio2
0010a568 000008a0 T __kernel_rem_pio2
0010ae08 00000140 T scalbn
0010af48 000000c0 T __kernel_sin
0010b008 000000a8 T cos
0010b0b0 00000144 T floor
0010b1f8 00000158 T __kernel_cos
0010b350 00000014 T fabs
0010b364 00000120 T __udivmoddi4
0010b484 000000d8 T strncmp
0010b55c 0000005c T strlen
0010b5b8 0000001c T putchar
0010b5d4 000001e4 t _strtoul_l.isra.0
0010b7b8 00000034 T strtoul
0010b7ec 000000e4 T strncat
0010b8d0 00000078 T bsearch
0010b948 00000020 T memalign
0010b968 0000001c t stdio_exit_handler
0010b984 0000005c t cleanup_stdio
0010b9e0 00000154 t global_stdio_init.part.0
0010bb34 0000005c T __sinit
0010bb90 0000000c T __sfp_lock_acquire
0010bb9c 0000000c T __sfp_lock_release
0010bba8 000007e8 T _malloc_r
0010c390 000000dc T _putc_r
0010c46c 000000f8 T _malloc_trim_r
0010c564 00000300 T _free_r
0010c864 00000294 T setvbuf
0010caf8 0000004c T strnlen
0010cb44 0000000c T __errno
0010cb50 00000034 T malloc
0010cb84 00000018 T free
0010cb9c 00000130 T memcpy
0010cccc 00000034 T printf
0010cd00 000000e8 T memset
0010cde8 00000070 T _fwalk_sglue
0010ce58 0000000c T __malloc_lock
0010ce64 0000000c T __malloc_unlock
0010ce70 00000004 W __call_exitprocs
0010ce74 00000030 T exit
0010cea4 000000c4 T strncpy
0010cf68 00000084 T __libc_init_array
0010cfec 00000228 T __sflush_r
0010d214 00000094 T _fflush_r
0010d2a8 00000150 T _memalign_r
0010d3f8 00000108 T __swbuf_r
0010d500 0000003c T __libc_fini_array
0010d53c 00000044 T __sread
0010d580 00000068 T __swrite
0010d5e8 00000040 T __sseek
0010d628 00000008 T __sclose
0010d630 00000148 T _fclose_r
0010d778 000005e4 t get_arg
0010dd60 0000342c T _vfprintf_r
0011118c 000000b8 t __sbprintf
00111244 00000144 T __smakebuf_r
00111388 0000008c T __swhatbuf_r
00111414 000001b4 t quorem
001115c8 00001370 T _dtoa_r
00112938 000000a0 T _wcrtomb_r
001129d8 00000028 T _wcsrtombs_r
00112a00 00000194 T __swsetup_r
00112b98 00000088 T frexp
00112c20 0000005c T __assert_func
00112c7c 00000088 T _Balloc
00112d04 0000001c T _Bfree
00112d20 000000f4 T __multadd
00112e14 00000080 T __hi0bits
00112e94 000000f4 T __lo0bits
00112f88 000000a4 T __i2b
0011302c 00000208 T __multiply
00113234 00000130 T __pow5mult
00113364 00000138 T __lshift
0011349c 00000058 T __mcmp
001134f4 000001f0 T __mdiff
001136e4 00000120 T __d2b
00113804 00000024 T __locale_mb_cur_max
00113828 0000003c T fiprintf
00113864 000000e0 T memchr
00113944 00000160 T _wcsnrtombs_l
00113aa4 00000064 T _wcsnrtombs_r
00113b08 00000324 T __utf8_mbtowc
00113e2c 00000030 T __sprint_r
00113e5c 00000014 T abort
00113e70 00000024 T _localeconv_r
00113e94 000000c0 T _calloc_r
00113f54 000000f0 T __utf8_wctomb
00114044 00000130 T strchr
00114174 00000160 T memmove
001142d4 00000090 T _raise_r
00114364 00000018 T raise
0011437c 00000480 T __sfvwrite_r
001147fc 000005e4 t get_arg
00114de0 00002264 T _vfiprintf_r
00117044 000000b8 t __sbprintf
001170fc 000004a4 T _realloc_r
001175a0 00000020 T _exit
001175c0 0000013c T chdir
001176fc 000001cc T _concatenate_path
001178c8 00000088 T _fstat_r
00117950 00000014 T _getpid_r
00117964 0000002c T __getreent
00117990 0000003c T __get_handle
001179cc 000000f4 T _close_r
00117ac0 00000008 t null_write
00117ac8 00000018 T setDefaultDevice
00117ae0 000000c8 T FindDevice
00117ba8 00000028 T RemoveDevice
00117bd0 00000098 T AddDevice
00117c68 00000020 T GetDeviceOpTab
00117c88 00000008 T _isatty_r
00117c90 00000014 T _kill_r
00117ca4 0000008c T _lseek_r
00117d30 00000088 T _read_r
00117db8 00000078 W _sbrk_r
00117e30 0000001c T __libc_lock_acquire
00117e4c 0000001c T __libc_lock_release
00117e68 0000001c T __libc_lock_acquire_recursive
00117e84 0000001c T __libc_lock_release_recursive
00117ea0 00000088 T _write_r
00117f28 00000048 T strrchr
00117f70 T _fini
001180d4 r .LC2
001182b4 00000080 r dotab_stdout
00118334 00000018 r grayScale
0011834c 00000006 r colorCube
00118354 00000030 r colorTable
001183a0 00000008 r morton_y.2
001183a8 00000008 r morton_x.3
001183b0 00000008 r s_sleepWakeEvents.4
001183b8 R default_font_bin
00118bb8 R default_font_bin_end
00118bb8 00000030 r error_table
00118be8 00000080 r archive_devoptab
00118c68 00000080 r npio2_hw
00118ce8 00000108 r two_over_pi
00118df0 00000040 r PIo2
00118e30 00000010 r init_jk
00118e40 00000101 R _ctype_
00119068 00000010 r zeroes.0
00119078 00000010 r blanks.1
00119090 0000006c R __action_table
001190fc 0000006c R __state_table
00119168 00000100 R __chclass
00119268 0000000c r p05.0
00119278 00000028 R __mprec_bigtens
001192a0 000000c8 R __mprec_tens
00119454 00000010 r zeroes.0
00119464 00000010 r blanks.1
00119474 00000080 R dotab_stdnull
001194f4 R __tdata_align
001194f8 r __EH_FRAME_BEGIN__
001194f8 R __exidx_end
001194f8 R __exidx_start
0011a000 00000001 d firstConsoleInit.0
0011a004 00000004 D currentConsole
0011a008 00000048 D defaultConsole
0011a050 00000004 d aptChainloadDeliverArgSize
0011a054 W __stacksize__
0011a058 00000004 D _impure_ptr
0011a060 00000120 D _impure_data
0011a180 0000000c D __sglue
0011a18c 00000004 D __malloc_sbrk_base
0011a190 00000004 D __malloc_trim_threshold
0011a198 00000408 D __malloc_av_
0011a5a0 0000016c D __global_locale
0011a70c 00000400 d _current_working_directory
0011ab10 00001000 d handles
0011bb10 0000000c d __stderr_handle
0011bb1c 0000000c d __stdout_handle
0011bb28 0000000c d __stdin_handle
0011bb34 0000008c D devoptab_list
0011bbc0 00000004 d defaultDevice
0011bbcc d _GLOBAL_OFFSET_TABLE_
0011bbd8 d __frame_dummy_init_array_entry
0011bbd8 D __init_array_start
0011bbd8 B __preinit_array_end
0011bbd8 B __preinit_array_start
0011bbd8 D __tdata_lma
0011bbd8 D __tdata_lma_end
0011bbdc d __do_global_dtors_aux_fini_array_entry
0011bbdc D __fini_array_start
0011bbdc D __init_array_end
0011bbe0 D __bss_start__
0011bbe0 b completed.1
0011bbe0 D __fini_array_end
0011bbe4 b object.0
0011bbfc 0000001c b escapeSeq
0011bc18 00000048 B currentCopy
0011bc60 00000004 b screenAlloc
0011bc64 00000004 b screenFree
0011bc68 00000002 b gfxIsDoubleBuf
0011bc6c 00000002 b gfxCurBuf
0011bc6e 00000001 b gfxIsVram
0011bc6f 00000001 b gfxTopMode
0011bc70 00000002 b gfxFramebufferFormats
0011bc74 00000004 b gfxBottomFramebufferMaxSize
0011bc78 00000004 b gfxTopFramebufferMaxSize
0011bc80 00000008 b gfxBottomFramebuffers
0011bc88 00000008 b gfxTopFramebuffers
0011bc90 00000001 b flagValue.0
0011bc91 00000001 b flagInit.1
0011bc94 00000004 b serviceName.6
0011bc98 00000001 b aptChainloadFlags
0011bc99 00000001 b aptChainloadMediatype
0011bc9c 00000020 b aptChainloadHmac
0011bcbc 00000300 b aptChainloadDeliverArg
0011bfc0 00000008 b aptChainloadTid
0011bfc8 00001000 b aptParameters
0011cfc8 00000004 b aptFlags
0011cfcc 00000001 b aptHomeButtonState
0011cfd0 00000004 b aptMessageFuncData
0011cfd4 00000004 b aptMessageFunc
0011cfd8 0000000c b aptFirstHook
0011cfe4 00000001 b aptEventHandlerThreadQuit
0011cfe8 00000004 b aptEventHandlerThread
0011cfec 00000008 b aptSleepEvent
0011cff4 00000008 b aptReceiveEvent
0011cffc 00000008 b aptEvents
0011d004 00000004 b aptLockHandle
0011d008 00000004 b aptRefCount
0011d00c 00000007 b gspEventCbOneShot
0011d014 0000001c b gspEventCbData
0011d030 0000001c b gspEventCb
0011d04c 00000038 b gspEvents
0011d084 00000004 b gspLastEvent
0011d088 00000001 b gspRunEvents
0011d08c 00000004 b gspEventThread
0011d090 00000004 b gspEvent
0011d094 00000001 b gspGpuRight
0011d095 00000001 b gspThreadId
0011d098 00000004 b gspSharedMem
0011d09c 00000004 b gspSharedMemHandle
0011d0a0 00000004 b gspRefCount
0011d0a4 00000004 b gspGpuHandle
0011d0a8 00000004 B __system_retAddr
0011d0ac 00000004 B __system_argv
0011d0b0 00000004 B __system_argc
0011d0b4 b saved_stack
0011d0c0 00000008 b sLinearPool
0011d0c8 0000000c b sAddrMap
0011d0d8 00000008 b sVramPoolB
0011d0e0 00000008 b sVramPoolA
0011d0e8 0000000c b sAddrMap
0011d0f4 00000004 B __3dslink_host
0011d0f8 00000001 V __ctru_speedup
0011d0fc 00000004 b srvRefCount
0011d100 00000004 b srvHandle
0011d104 00000004 b arbiter
0011d108 00000004 b currentAddr
0011d10c 00000004 b maxAddr
0011d110 00000004 b minAddr
0011d114 00000004 b ptmSysmRefCount
0011d118 00000004 b ptmSysmHandle
0011d11c 00000004 b srvPmHandle
0011d120 00000004 V __ctru_linear_heap_size
0011d124 00000004 V __ctru_heap_size
0011d128 00000004 B __ctru_linear_heap
0011d12c 00000004 B __ctru_heap
0011d130 000005c0 b archive_devices
0011d6f0 00000004 b archive_device_cwd
0011d6f4 00000001 b archive_initialized
0011d6f8 00000080 b fsExemptArchives
0011d778 00000004 b fsuRefCount
0011d77c 00000004 b fsuHandle
0011d780 00000001 b usingIrrst
0011d784 00000004 b hidRefCount
0011d788 00000004 b kUp
0011d78c 00000004 b kDown
0011d790 00000004 b kHeld
0011d794 00000004 b kOld
0011d798 00000004 B hidSharedMem
0011d79c 00000014 B hidEvents
0011d7b0 00000004 B hidMemHandle
0011d7b4 00000004 B hidHandle
0011d7b8 00000004 b irrstRefCount
0011d7bc 00000004 b kHeld
0011d7c0 00000004 B irrstSharedMem
0011d7c4 00000004 B irrstEvent
0011d7c8 00000004 B irrstMemHandle
0011d7cc 00000004 B irrstHandle
0011d7d0 0000000c b __sfp_recursive_mutex
0011d7e0 00000168 B __sf
0011d948 00000004 B __stdio_exit_handler
0011d94c 00000028 B __malloc_current_mallinfo
0011d974 00000004 B __malloc_max_total_mem
0011d978 00000004 B __malloc_max_sbrked_mem
0011d97c 00000004 B __malloc_top_pad
0011d980 0000000c b __malloc_recursive_mutex
0011d98c 00000400 b temp_cwd
0011dd8c 00000004 b __hndl_lock
0011dd90 00000004 B fake_heap_start
0011dd94 00000004 B fake_heap_end
0011dd98 00000004 b heap_start.0
0011dd9c B __tls_start
0011e9a4 B __bss_end__
0011e9a4 A __end__
0011e9a4 B __tls_end
